Using pre-set license
Built from '2021.2/staging' branch; Version is '2021.2.3f1 (32358a8527b4) revision 3290506'; Using compiler version '192829333'; Build Type 'Release'
OS: 'Windows 10 Pro; OS build 22000.434; Version 2009; 64bit' Language: 'en' Physical Memory: 8059 MB
BatchMode: 1, IsHumanControllingUs: 0, StartBugReporterOnCrash: 0, Is64bit: 1, IsPro: 0

COMMAND LINE ARGUMENTS:
C:\Program Files\Unity\Hub\Editor\2021.2.3f1\Editor\Unity.exe
-adb2
-batchMode
-noUpm
-name
AssetImportWorker2
-projectPath
C:/Users/pbriu/Documents/UnityProjects/DoorSlamer
-logFile
Logs/AssetImportWorker2.log
-srvPort
51980
Successfully changed project path to: C:/Users/pbriu/Documents/UnityProjects/DoorSlamer
C:/Users/pbriu/Documents/UnityProjects/DoorSlamer
[UnityMemory] Configuration Parameters - Can be set up in boot.config
    "memorysetup-bucket-allocator-granularity=16"
    "memorysetup-bucket-allocator-bucket-count=8"
    "memorysetup-bucket-allocator-block-size=33554432"
    "memorysetup-bucket-allocator-block-count=8"
    "memorysetup-main-allocator-block-size=16777216"
    "memorysetup-thread-allocator-block-size=16777216"
    "memorysetup-gfx-main-allocator-block-size=16777216"
    "memorysetup-gfx-thread-allocator-block-size=16777216"
    "memorysetup-cache-allocator-block-size=4194304"
    "memorysetup-typetree-allocator-block-size=2097152"
    "memorysetup-profiler-bucket-allocator-granularity=16"
    "memorysetup-profiler-bucket-allocator-bucket-count=8"
    "memorysetup-profiler-bucket-allocator-block-size=33554432"
    "memorysetup-profiler-bucket-allocator-block-count=8"
    "memorysetup-profiler-allocator-block-size=16777216"
    "memorysetup-profiler-editor-allocator-block-size=1048576"
    "memorysetup-temp-allocator-size-main=16777216"
    "memorysetup-job-temp-allocator-block-size=2097152"
    "memorysetup-job-temp-allocator-block-size-background=1048576"
    "memorysetup-job-temp-allocator-reduction-small-platforms=262144"
    "memorysetup-temp-allocator-size-background-worker=32768"
    "memorysetup-temp-allocator-size-job-worker=262144"
    "memorysetup-temp-allocator-size-preload-manager=33554432"
    "memorysetup-temp-allocator-size-nav-mesh-worker=65536"
    "memorysetup-temp-allocator-size-audio-worker=65536"
    "memorysetup-temp-allocator-size-cloud-worker=32768"
    "memorysetup-temp-allocator-size-gi-baking-worker=262144"
    "memorysetup-temp-allocator-size-gfx=262144"
Refreshing native plugins compatible for Editor in 99.17 ms, found 3 plugins.
Preloading 0 native plugins for Editor in 0.00 ms.
Initialize engine version: 2021.2.3f1 (32358a8527b4)
[Subsystems] Discovering subsystems at path C:/Program Files/Unity/Hub/Editor/2021.2.3f1/Editor/Data/Resources/UnitySubsystems
[Subsystems] Discovering subsystems at path C:/Users/pbriu/Documents/UnityProjects/DoorSlamer/Assets
GfxDevice: creating device client; threaded=0; jobified=0
Direct3D:
    Version:  Direct3D 11.0 [level 11.1]
    Renderer: NVIDIA GeForce RTX 2060 (ID=0x1f15)
    Vendor:   NVIDIA
    VRAM:     5980 MB
    Driver:   27.21.14.5749
Initialize mono
Mono path[0] = 'C:/Program Files/Unity/Hub/Editor/2021.2.3f1/Editor/Data/Managed'
Mono path[1] = 'C:/Program Files/Unity/Hub/Editor/2021.2.3f1/Editor/Data/MonoBleedingEdge/lib/mono/unityjit-win32'
Mono config path = 'C:/Program Files/Unity/Hub/Editor/2021.2.3f1/Editor/Data/MonoBleedingEdge/etc'
Using monoOptions --debugger-agent=transport=dt_socket,embedding=1,server=y,suspend=n,address=127.0.0.1:56912
Begin MonoManager ReloadAssembly
Registering precompiled unity dll's ...
Register platform support module: C:/Program Files/Unity/Hub/Editor/2021.2.3f1/Editor/Data/PlaybackEngines/WebGLSupport/UnityEditor.WebGL.Extensions.dll
Register platform support module: C:/Program Files/Unity/Hub/Editor/2021.2.3f1/Editor/Data/PlaybackEngines/WindowsStandaloneSupport/UnityEditor.WindowsStandalone.Extensions.dll
Registered in 0.004725 seconds.
Native extension for WindowsStandalone target not found
Native extension for WebGL target not found
Refreshing native plugins compatible for Editor in 96.46 ms, found 3 plugins.
Preloading 0 native plugins for Editor in 0.00 ms.
Mono: successfully reloaded assembly
- Completed reload, in  0.587 seconds
Domain Reload Profiling:
	ReloadAssembly (587ms)
		BeginReloadAssembly (64ms)
			ExecutionOrderSort (0ms)
			DisableScriptedObjects (0ms)
			BackupInstance (0ms)
			ReleaseScriptingObjects (0ms)
			CreateAndSetChildDomain (1ms)
		EndReloadAssembly (446ms)
			LoadAssemblies (63ms)
			RebuildTransferFunctionScriptingTraits (0ms)
			SetupTypeCache (104ms)
			ReleaseScriptCaches (0ms)
			RebuildScriptCaches (25ms)
			SetupLoadedEditorAssemblies (267ms)
				LogAssemblyErrors (0ms)
				InitializePlatformSupportModulesInManaged (16ms)
				SetLoadedEditorAssemblies (0ms)
				RefreshPlugins (97ms)
				BeforeProcessingInitializeOnLoad (1ms)
				ProcessInitializeOnLoadAttributes (112ms)
				ProcessInitializeOnLoadMethodAttributes (41ms)
				AfterProcessingInitializeOnLoad (0ms)
				EditorAssembliesLoaded (0ms)
			ExecutionOrderSort2 (0ms)
			AwakeInstancesAfterBackupRestoration (0ms)
Platform modules already initialized, skipping
Registering precompiled user dll's ...
Registered in 0.008125 seconds.
Begin MonoManager ReloadAssembly
Symbol file LoadedFromMemory doesn't match image C:\Users\pbriu\Documents\UnityProjects\DoorSlamer\Library\PackageCache\com.unity.visualscripting@1.7.5\Editor\VisualScripting.Core\Dependencies\DotNetZip\Unity.VisualScripting.IonicZip.dll
Symbol file LoadedFromMemory doesn't match image C:\Users\pbriu\Documents\UnityProjects\DoorSlamer\Library\PackageCache\com.unity.visualscripting@1.7.5\Editor\VisualScripting.Core\Dependencies\YamlDotNet\Unity.VisualScripting.YamlDotNet.dll
Native extension for WindowsStandalone target not found
Native extension for WebGL target not found
Refreshing native plugins compatible for Editor in 91.44 ms, found 3 plugins.
Preloading 0 native plugins for Editor in 0.00 ms.
Unable to write to 'ProjectSettings\GvhProjectSettings.xml' (System.IO.IOException: Sharing violation on path C:\Users\pbriu\Documents\UnityProjects\DoorSlamer\ProjectSettings\GvhProjectSettings.xml
  at System.IO.FileStream..ctor (System.String path, System.IO.FileMode mode, System.IO.FileAccess access, System.IO.FileShare share, System.Int32 bufferSize, System.Boolean anonymous, System.IO.FileOptions options) [0x0019e] in <00c558282d074245ab3496e2d108079b>:0 
  at System.IO.FileStream..ctor (System.String path, System.IO.FileMode mode, System.IO.FileAccess access, System.IO.FileShare share, System.Int32 bufferSize, System.IO.FileOptions options) [0x00000] in <00c558282d074245ab3496e2d108079b>:0 
  at System.IO.FileStream..ctor (System.String path, System.IO.FileMode mode, System.IO.FileAccess access, System.IO.FileShare share, System.Int32 bufferSize, System.Boolean useAsync) [0x00000] in <00c558282d074245ab3496e2d108079b>:0 
  at (wrapper remoting-invoke-with-check) System.IO.FileStream..ctor(string,System.IO.FileMode,System.IO.FileAccess,System.IO.FileShare,int,bool)
  at System.Xml.XmlWriterSettings.CreateWriter (System.String outputFileName) [0x00051] in <4f1125f2992b4f908005b65fbadb4211>:0 
  at System.Xml.XmlWriter.Create (System.String outputFileName, System.Xml.XmlWriterSettings settings) [0x0000a] in <4f1125f2992b4f908005b65fbadb4211>:0 
  at Google.ProjectSettings.Save () [0x0006d] in /Users/chkuang/Workspace/git/unity-jar-resolver/source/VersionHandlerImpl/src/ProjectSettings.cs:820 , Project settings were not saved!
UnityEngine.StackTraceUtility:ExtractStackTrace ()
UnityEngine.DebugLogHandler:LogFormat (UnityEngine.LogType,UnityEngine.Object,string,object[])
UnityEngine.Logger:Log (UnityEngine.LogType,object)
UnityEngine.Debug:LogError (object)
Google.Logger:Log (string,Google.LogLevel) (at /Users/chkuang/Workspace/git/unity-jar-resolver/source/VersionHandlerImpl/src/Logger.cs:136)
Google.ProjectSettings:Save () (at /Users/chkuang/Workspace/git/unity-jar-resolver/source/VersionHandlerImpl/src/ProjectSettings.cs:842)
Google.ProjectSettings:SetBool (string,bool,Google.SettingsLocation) (at /Users/chkuang/Workspace/git/unity-jar-resolver/source/VersionHandlerImpl/src/ProjectSettings.cs:484)
Google.ProjectSettings:SetBool (string,bool) (at /Users/chkuang/Workspace/git/unity-jar-resolver/source/VersionHandlerImpl/src/ProjectSettings.cs:496)
Google.IOSResolver:set_VerboseLoggingEnabled (bool) (at /Users/chkuang/Workspace/git/unity-jar-resolver/source/IOSResolver/src/IOSResolver.cs:986)
Google.IOSResolver:.cctor () (at /Users/chkuang/Workspace/git/unity-jar-resolver/source/IOSResolver/src/IOSResolver.cs:689)
System.Runtime.CompilerServices.RuntimeHelpers:RunClassConstructor (System.RuntimeTypeHandle)
UnityEditor.EditorAssemblies:ProcessInitializeOnLoadAttributes (System.Type[])

(Filename: /Users/chkuang/Workspace/git/unity-jar-resolver/source/VersionHandlerImpl/src/ProjectSettings.cs Line: 842)

Package Manager log level set to [2]
Mono: successfully reloaded assembly
- Completed reload, in  1.891 seconds
Domain Reload Profiling:
	ReloadAssembly (1892ms)
		BeginReloadAssembly (159ms)
			ExecutionOrderSort (0ms)
			DisableScriptedObjects (5ms)
			BackupInstance (0ms)
			ReleaseScriptingObjects (0ms)
			CreateAndSetChildDomain (18ms)
		EndReloadAssembly (1643ms)
			LoadAssemblies (79ms)
			RebuildTransferFunctionScriptingTraits (0ms)
			SetupTypeCache (272ms)
			ReleaseScriptCaches (1ms)
			RebuildScriptCaches (69ms)
			SetupLoadedEditorAssemblies (1120ms)
				LogAssemblyErrors (0ms)
				InitializePlatformSupportModulesInManaged (10ms)
				SetLoadedEditorAssemblies (0ms)
				RefreshPlugins (92ms)
				BeforeProcessingInitializeOnLoad (101ms)
				ProcessInitializeOnLoadAttributes (835ms)
				ProcessInitializeOnLoadMethodAttributes (77ms)
				AfterProcessingInitializeOnLoad (4ms)
				EditorAssembliesLoaded (0ms)
			ExecutionOrderSort2 (0ms)
			AwakeInstancesAfterBackupRestoration (6ms)
Platform modules already initialized, skipping
========================================================================
Worker process is ready to serve import requests
Launched and connected shader compiler UnityShaderCompiler.exe after 0.08 seconds
Refreshing native plugins compatible for Editor in 1.01 ms, found 3 plugins.
Preloading 0 native plugins for Editor in 0.00 ms.
Unloading 4540 Unused Serialized files (Serialized files now loaded: 0)
Unloading 107 unused Assets / (2.9 MB). Loaded Objects now: 4995.
Memory consumption went from 198.9 MB to 196.0 MB.
Total: 7.977500 ms (FindLiveObjects: 0.584900 ms CreateObjectMapping: 0.516300 ms MarkObjects: 5.963500 ms  DeleteObjects: 0.911600 ms)

AssetImportParameters requested are different than current active one (requested -> active):
  custom:video-decoder-ogg-theora: a1e56fd34408186e4bbccfd4996cb3dc -> 
  custom:container-muxer-webm: aa71ff27fc2769a1b78a27578f13a17b -> 
  custom:container-demuxer-webm: 4f35f7cbe854078d1ac9338744f61a02 -> 
  custom:video-encoder-webm-vp8: eb34c28f22e8b96e1ab97ce403110664 -> 
  custom:audio-encoder-webm-vorbis: bf7c407c2cedff20999df2af8eb42d56 -> 
  custom:framework-win-MediaFoundation: 216162199b28c13a410421893ffa2e32 -> 
  custom:container-demuxer-ogg: 62fdf1f143b41e24485cea50d1cbac27 -> 
  custom:video-decoder-webm-vp8: 9c59270c3fd7afecdb556c50c9e8de78 -> 
  custom:audio-decoder-ogg-vorbis: bf7c407c2cedff20999df2af8eb42d56 -> 
========================================================================
Received Import Request.
  Time since last request: 4930.362787 seconds.
  path: Assets/ThirdPartyAssets/Models/Zombie_Clown_Male_01.prefab
  artifactKey: Guid(bb116383f6f80bf4d90cb48aeca8e8bf) Importer(815301076,1909f56bfc062723c751e8b465ee728b)
Start importing Assets/ThirdPartyAssets/Models/Zombie_Clown_Male_01.prefab using Guid(bb116383f6f80bf4d90cb48aeca8e8bf) Importer(815301076,1909f56bfc062723c751e8b465ee728b)  -> (artifact id: 'f462d33f902be313ad6ba0494484a1de') in 0.061738 seconds 
========================================================================
Received Import Request.
  Time since last request: 0.000042 seconds.
  path: Assets/ThirdPartyAssets/Models/Zombie_Hobo_Male_01.prefab
  artifactKey: Guid(af43738424059df46a83c566c110013d) Importer(815301076,1909f56bfc062723c751e8b465ee728b)
Start importing Assets/ThirdPartyAssets/Models/Zombie_Hobo_Male_01.prefab using Guid(af43738424059df46a83c566c110013d) Importer(815301076,1909f56bfc062723c751e8b465ee728b)  -> (artifact id: '7fbc3f5525f1abdc620b330fb9a0695b') in 0.015585 seconds 
========================================================================
Received Import Request.
  Time since last request: 0.000024 seconds.
  path: Assets/ThirdPartyAssets/Models/Zombie_Business_Female_01.prefab
  artifactKey: Guid(9acbd885df2760d41adcea6334790a96) Importer(815301076,1909f56bfc062723c751e8b465ee728b)
Start importing Assets/ThirdPartyAssets/Models/Zombie_Business_Female_01.prefab using Guid(9acbd885df2760d41adcea6334790a96) Importer(815301076,1909f56bfc062723c751e8b465ee728b)  -> (artifact id: 'd51e89b672dbb08f9d9f6f01b49b14ac') in 0.012049 seconds 
========================================================================
Received Import Request.
  Time since last request: 0.000028 seconds.
  path: Assets/ThirdPartyAssets/Models/Zombie_Jock_Male_01.prefab
  artifactKey: Guid(e05321c6e6ad7b845942de92aafc2395) Importer(815301076,1909f56bfc062723c751e8b465ee728b)
Start importing Assets/ThirdPartyAssets/Models/Zombie_Jock_Male_01.prefab using Guid(e05321c6e6ad7b845942de92aafc2395) Importer(815301076,1909f56bfc062723c751e8b465ee728b)  -> (artifact id: '6be6827b8171c4a0cc5d10f36070dc52') in 0.010847 seconds 
========================================================================
Received Import Request.
  Time since last request: 0.000015 seconds.
  path: Assets/ThirdPartyAssets/Models/Zombie_Diver_Male_01.prefab
  artifactKey: Guid(c14250d47b6dfbd448ee47b3fd98d89f) Importer(815301076,1909f56bfc062723c751e8b465ee728b)
Start importing Assets/ThirdPartyAssets/Models/Zombie_Diver_Male_01.prefab using Guid(c14250d47b6dfbd448ee47b3fd98d89f) Importer(815301076,1909f56bfc062723c751e8b465ee728b)  -> (artifact id: '3129dd3f9f26b60e2c2531f8c36ff416') in 0.009889 seconds 
========================================================================
Received Import Request.
  Time since last request: 0.000017 seconds.
  path: Assets/ThirdPartyAssets/Models/Zombie_Bride_Female_01.prefab
  artifactKey: Guid(720442d4dd381894b83efa1d1068d5e7) Importer(815301076,1909f56bfc062723c751e8b465ee728b)
Start importing Assets/ThirdPartyAssets/Models/Zombie_Bride_Female_01.prefab using Guid(720442d4dd381894b83efa1d1068d5e7) Importer(815301076,1909f56bfc062723c751e8b465ee728b)  -> (artifact id: '15878c141d4c7f0db5c6945cf01b129f') in 0.014097 seconds 
========================================================================
Received Import Request.
  Time since last request: 0.000021 seconds.
  path: Assets/ThirdPartyAssets/Models/Zombie_Hipster_Male_01.prefab
  artifactKey: Guid(b1b874e26e62db949baeec17a89ca9eb) Importer(815301076,1909f56bfc062723c751e8b465ee728b)
Start importing Assets/ThirdPartyAssets/Models/Zombie_Hipster_Male_01.prefab using Guid(b1b874e26e62db949baeec17a89ca9eb) Importer(815301076,1909f56bfc062723c751e8b465ee728b)  -> (artifact id: '908236e40fd8e08aef2a3413f16ec159') in 0.011314 seconds 
========================================================================
Received Import Request.
  Time since last request: 0.000017 seconds.
  path: Assets/ThirdPartyAssets/Models/Zombie_Police_Female_01.prefab
  artifactKey: Guid(3ba6740ea34059446b2030cb1cee74bc) Importer(815301076,1909f56bfc062723c751e8b465ee728b)
Start importing Assets/ThirdPartyAssets/Models/Zombie_Police_Female_01.prefab using Guid(3ba6740ea34059446b2030cb1cee74bc) Importer(815301076,1909f56bfc062723c751e8b465ee728b)  -> (artifact id: 'b993138dad8ae8b9a45e84345e9cf962') in 0.012474 seconds 
========================================================================
Received Import Request.
  Time since last request: 0.000026 seconds.
  path: Assets/ThirdPartyAssets/Models/Zombie_GamerGirl_Female_01.prefab
  artifactKey: Guid(95aa9f8add096f44abec3dd0a8e6d79c) Importer(815301076,1909f56bfc062723c751e8b465ee728b)
Start importing Assets/ThirdPartyAssets/Models/Zombie_GamerGirl_Female_01.prefab using Guid(95aa9f8add096f44abec3dd0a8e6d79c) Importer(815301076,1909f56bfc062723c751e8b465ee728b)  -> (artifact id: '76c231162735e218db8d058170f1a980') in 0.013574 seconds 
========================================================================
Received Import Request.
  Time since last request: 0.000024 seconds.
  path: Assets/ThirdPartyAssets/Models/Zombie_Father_Male_02.prefab
  artifactKey: Guid(d2d71fc434431f041b20cef2182d5c3e) Importer(815301076,1909f56bfc062723c751e8b465ee728b)
Start importing Assets/ThirdPartyAssets/Models/Zombie_Father_Male_02.prefab using Guid(d2d71fc434431f041b20cef2182d5c3e) Importer(815301076,1909f56bfc062723c751e8b465ee728b)  -> (artifact id: 'cefc47a2039f62e91521a7f08767366e') in 0.009806 seconds 
========================================================================
Received Import Request.
  Time since last request: 0.000014 seconds.
  path: Assets/ThirdPartyAssets/Models/Zombie_Mother_Female_01.prefab
  artifactKey: Guid(4b114aae8ad29e34cb3c0117ad7edbd2) Importer(815301076,1909f56bfc062723c751e8b465ee728b)
Start importing Assets/ThirdPartyAssets/Models/Zombie_Mother_Female_01.prefab using Guid(4b114aae8ad29e34cb3c0117ad7edbd2) Importer(815301076,1909f56bfc062723c751e8b465ee728b)  -> (artifact id: 'bcfe5033ac0bb949fcf5d183d7412e20') in 0.017066 seconds 
========================================================================
Received Import Request.
  Time since last request: 0.000030 seconds.
  path: Assets/ThirdPartyAssets/Models/Zombie_Paramedic_Female_01.prefab
  artifactKey: Guid(8d862076c59fabf43b7ca2084f63226f) Importer(815301076,1909f56bfc062723c751e8b465ee728b)
Start importing Assets/ThirdPartyAssets/Models/Zombie_Paramedic_Female_01.prefab using Guid(8d862076c59fabf43b7ca2084f63226f) Importer(815301076,1909f56bfc062723c751e8b465ee728b)  -> (artifact id: '523eda770b9be2ec758acd81f2254c71') in 0.011995 seconds 
========================================================================
Received Import Request.
  Time since last request: 0.000023 seconds.
  path: Assets/ThirdPartyAssets/Models/Zombie_Grandpa_Male_01.prefab
  artifactKey: Guid(4bcf20765be80ca43a7cfa0cc4f61d82) Importer(815301076,1909f56bfc062723c751e8b465ee728b)
Start importing Assets/ThirdPartyAssets/Models/Zombie_Grandpa_Male_01.prefab using Guid(4bcf20765be80ca43a7cfa0cc4f61d82) Importer(815301076,1909f56bfc062723c751e8b465ee728b)  -> (artifact id: 'ce374b588fa05023be4e2bd5b3b26dc6') in 0.009470 seconds 
========================================================================
Received Import Request.
  Time since last request: 4.776984 seconds.
  path: Assets/ThirdPartyAssets/Models/Zombie_Prisoner_Male_01.prefab
  artifactKey: Guid(fd7713efca146e545aafa284b89a051e) Importer(815301076,1909f56bfc062723c751e8b465ee728b)
Start importing Assets/ThirdPartyAssets/Models/Zombie_Prisoner_Male_01.prefab using Guid(fd7713efca146e545aafa284b89a051e) Importer(815301076,1909f56bfc062723c751e8b465ee728b)  -> (artifact id: '9243b1ee72c5dac8860732cabb86e7c5') in 0.017142 seconds 
========================================================================
Received Import Request.
  Time since last request: 0.000019 seconds.
  path: Assets/ThirdPartyAssets/Models/Zombie_Tourist_Male_01.prefab
  artifactKey: Guid(56339bb877068954cbd9a6c3bacb4826) Importer(815301076,1909f56bfc062723c751e8b465ee728b)
Start importing Assets/ThirdPartyAssets/Models/Zombie_Tourist_Male_01.prefab using Guid(56339bb877068954cbd9a6c3bacb4826) Importer(815301076,1909f56bfc062723c751e8b465ee728b)  -> (artifact id: 'd547ebbba8ef8af5ea4ae33edef3db1b') in 0.014168 seconds 
========================================================================
Received Import Request.
  Time since last request: 0.000037 seconds.
  path: Assets/ThirdPartyAssets/Models/Zombie_Roadworker_Male_01.prefab
  artifactKey: Guid(478b9cfcbcdb7284bbea515d7f42ea18) Importer(815301076,1909f56bfc062723c751e8b465ee728b)
Start importing Assets/ThirdPartyAssets/Models/Zombie_Roadworker_Male_01.prefab using Guid(478b9cfcbcdb7284bbea515d7f42ea18) Importer(815301076,1909f56bfc062723c751e8b465ee728b)  -> (artifact id: '43e98fc652d9b663414cc28335c46161') in 0.012130 seconds 
========================================================================
Received Import Request.
  Time since last request: 0.000013 seconds.
  path: Assets/ThirdPartyAssets/Models/Zombie_SummerGirl_Female_01.prefab
  artifactKey: Guid(f91c7ce3a32256e4eb15f8b3e6191a7c) Importer(815301076,1909f56bfc062723c751e8b465ee728b)
Start importing Assets/ThirdPartyAssets/Models/Zombie_SummerGirl_Female_01.prefab using Guid(f91c7ce3a32256e4eb15f8b3e6191a7c) Importer(815301076,1909f56bfc062723c751e8b465ee728b)  -> (artifact id: '9d1ed7786248a66739083ebbc8310efd') in 0.010537 seconds 
========================================================================
Received Import Request.
  Time since last request: 0.104689 seconds.
  path: Assets/ThirdPartyAssets/Models/Zombie_Underwear_Female_01.prefab
  artifactKey: Guid(d6d9d31ece8da534098c0e9337b9708a) Importer(815301076,1909f56bfc062723c751e8b465ee728b)
Start importing Assets/ThirdPartyAssets/Models/Zombie_Underwear_Female_01.prefab using Guid(d6d9d31ece8da534098c0e9337b9708a) Importer(815301076,1909f56bfc062723c751e8b465ee728b)  -> (artifact id: '5ce80b371dc9fcdb12269321baf739e1') in 0.015973 seconds 
